2024-10-14 01:29:40 - 
            SELECT locked_at 
            FROM rate_limits 
            WHERE rate_key = :key
         - {"key":"rate_limiter_celionatti@gmail.com"}
2024-10-14 02:59:17 - 
            SELECT locked_at 
            FROM rate_limits 
            WHERE rate_key = :key
         - {"key":"rate_limiter_celionatti@gmail.com"}
2024-10-14 17:46:48 - 
            SELECT locked_at 
            FROM rate_limits 
            WHERE rate_key = :key
         - {"key":"rate_limiter_celionatti@gmail.com"}
2024-10-14 17:46:48 - 
            SELECT locked_at 
            FROM rate_limits 
            WHERE rate_key = :key
         - {"key":"rate_limiter_celionatti@gmail.com"}
2024-10-14 17:46:48 - 
            SELECT attempts, last_attempt_at 
            FROM rate_limits 
            WHERE rate_key = :key
         - {"key":"rate_limiter_celionatti@gmail.com"}
2024-10-14 17:48:32 - 
            SELECT locked_at 
            FROM rate_limits 
            WHERE rate_key = :key
         - {"key":"rate_limiter_celionatti@gmail.com"}
2024-10-14 17:48:32 - 
            SELECT locked_at 
            FROM rate_limits 
            WHERE rate_key = :key
         - {"key":"rate_limiter_celionatti@gmail.com"}
2024-10-14 17:48:32 - 
            SELECT attempts, last_attempt_at 
            FROM rate_limits 
            WHERE rate_key = :key
         - {"key":"rate_limiter_celionatti@gmail.com"}
2024-10-14 18:00:53 - 
            SELECT locked_at 
            FROM rate_limits 
            WHERE rate_key = :key
         - {"key":"rate_limiter_celionatti@gmail.com"}
2024-10-14 18:00:55 - 
            SELECT locked_at 
            FROM rate_limits 
            WHERE rate_key = :key
         - {"key":"rate_limiter_celionatti@gmail.com"}
2024-10-14 18:00:55 - 
        SELECT attempts, last_attempt_at 
        FROM rate_limits 
        WHERE rate_key = :key
     - {"key":"rate_limiter_celionatti@gmail.com"}
2024-10-14 18:04:12 - 
            SELECT locked_at 
            FROM rate_limits 
            WHERE rate_key = :key
         - {"key":"rate_limiter_celionatti@gmail.com"}
2024-10-14 18:04:12 - 
            SELECT locked_at 
            FROM rate_limits 
            WHERE rate_key = :key
         - {"key":"rate_limiter_celionatti@gmail.com"}
2024-10-14 18:04:12 - 
        SELECT attempts, last_attempt_at 
        FROM rate_limits 
        WHERE rate_key = :key
     - {"key":"rate_limiter_celionatti@gmail.com"}
2024-10-14 18:04:12 - 
            SELECT * 
            FROM users 
            WHERE email = :identifier
            LIMIT 1
         - {"identifier":"celionatti@gmail.com"}
2024-10-14 18:04:13 - 
            INSERT INTO rate_limits (rate_key, attempts, last_attempt_at)
            VALUES (:key, 1, NOW())
            ON DUPLICATE KEY UPDATE attempts = attempts + 1, last_attempt_at = NOW()
         - {"key":"rate_limiter_celionatti@gmail.com"}
2024-10-14 18:07:04 - 
            SELECT locked_at 
            FROM rate_limits 
            WHERE rate_key = :key
         - {"key":"rate_limiter_celionatti@gmail.com"}
2024-10-14 18:07:04 - 
            SELECT locked_at 
            FROM rate_limits 
            WHERE rate_key = :key
         - {"key":"rate_limiter_celionatti@gmail.com"}
2024-10-14 18:07:04 - 
        SELECT attempts, last_attempt_at 
        FROM rate_limits 
        WHERE rate_key = :key
     - {"key":"rate_limiter_celionatti@gmail.com"}
2024-10-14 18:07:04 - 
            SELECT * 
            FROM users 
            WHERE email = :identifier
            LIMIT 1
         - {"identifier":"celionatti@gmail.com"}
2024-10-14 18:07:04 - 
            INSERT INTO rate_limits (rate_key, attempts, last_attempt_at)
            VALUES (:key, 1, NOW())
            ON DUPLICATE KEY UPDATE attempts = attempts + 1, last_attempt_at = NOW()
         - {"key":"rate_limiter_celionatti@gmail.com"}
2024-10-14 18:19:25 - 
            SELECT locked_at 
            FROM rate_limits 
            WHERE rate_key = :key
         - {"key":"rate_limiter_celionatti@gmail.com"}
2024-10-14 18:19:25 - 
            SELECT locked_at 
            FROM rate_limits 
            WHERE rate_key = :key
         - {"key":"rate_limiter_celionatti@gmail.com"}
2024-10-14 18:19:25 - 
        SELECT attempts, last_attempt_at 
        FROM rate_limits 
        WHERE rate_key = :key
     - {"key":"rate_limiter_celionatti@gmail.com"}
2024-10-14 18:19:25 - 
            SELECT * 
            FROM users 
            WHERE email = :identifier
            LIMIT 1
         - {"identifier":"celionatti@gmail.com"}
2024-10-14 18:19:25 - 
            INSERT INTO rate_limits (rate_key, attempts, last_attempt_at)
            VALUES (:key, 1, NOW())
            ON DUPLICATE KEY UPDATE attempts = attempts + 1, last_attempt_at = NOW()
         - {"key":"rate_limiter_celionatti@gmail.com"}
2024-10-14 18:19:53 - 
            SELECT locked_at 
            FROM rate_limits 
            WHERE rate_key = :key
         - {"key":"rate_limiter_celionatti@gmail.com"}
2024-10-14 18:19:53 - 
            SELECT locked_at 
            FROM rate_limits 
            WHERE rate_key = :key
         - {"key":"rate_limiter_celionatti@gmail.com"}
2024-10-14 18:19:53 - 
        SELECT attempts, last_attempt_at 
        FROM rate_limits 
        WHERE rate_key = :key
     - {"key":"rate_limiter_celionatti@gmail.com"}
2024-10-14 18:19:53 - 
            SELECT * 
            FROM users 
            WHERE email = :identifier
            LIMIT 1
         - {"identifier":"celionatti@gmail.com"}
2024-10-14 18:19:53 - 
            INSERT INTO rate_limits (rate_key, attempts, last_attempt_at)
            VALUES (:key, 1, NOW())
            ON DUPLICATE KEY UPDATE attempts = attempts + 1, last_attempt_at = NOW()
         - {"key":"rate_limiter_celionatti@gmail.com"}
2024-10-14 18:34:57 - 
            SELECT locked_at 
            FROM rate_limits 
            WHERE rate_key = :key
         - {"key":"rate_limiter_celionatti@gmail.com"}
2024-10-14 18:34:58 - 
            SELECT locked_at 
            FROM rate_limits 
            WHERE rate_key = :key
         - {"key":"rate_limiter_celionatti@gmail.com"}
2024-10-14 18:34:58 - 
        SELECT attempts, last_attempt_at 
        FROM rate_limits 
        WHERE rate_key = :key
     - {"key":"rate_limiter_celionatti@gmail.com"}
2024-10-14 18:34:58 - 
            SELECT * 
            FROM users 
            WHERE email = :identifier
            LIMIT 1
         - {"identifier":"celionatti@gmail.com"}
2024-10-14 18:34:58 - 
            INSERT INTO rate_limits (rate_key, attempts, last_attempt_at)
            VALUES (:key, 1, NOW())
            ON DUPLICATE KEY UPDATE attempts = attempts + 1, last_attempt_at = NOW()
         - {"key":"rate_limiter_celionatti@gmail.com"}
2024-10-14 18:39:14 - 
            SELECT locked_at 
            FROM rate_limits 
            WHERE rate_key = :key
         - {"key":"rate_limiter_celionatti@gmail.com"}
2024-10-14 18:39:14 - 
            SELECT locked_at 
            FROM rate_limits 
            WHERE rate_key = :key
         - {"key":"rate_limiter_celionatti@gmail.com"}
2024-10-14 18:39:14 - 
        SELECT attempts, last_attempt_at 
        FROM rate_limits 
        WHERE rate_key = :key
     - {"key":"rate_limiter_celionatti@gmail.com"}
2024-10-14 18:39:14 - 
            SELECT * 
            FROM users 
            WHERE email = :identifier
            LIMIT 1
         - {"identifier":"celionatti@gmail.com"}
2024-10-14 18:39:14 - 
            INSERT INTO rate_limits (rate_key, attempts, last_attempt_at)
            VALUES (:key, 1, NOW())
            ON DUPLICATE KEY UPDATE attempts = attempts + 1, last_attempt_at = NOW()
         - {"key":"rate_limiter_celionatti@gmail.com"}
2024-10-14 18:39:45 - 
            SELECT locked_at 
            FROM rate_limits 
            WHERE rate_key = :key
         - {"key":"rate_limiter_celionatti@gmail.com"}
2024-10-14 18:39:45 - 
            SELECT locked_at 
            FROM rate_limits 
            WHERE rate_key = :key
         - {"key":"rate_limiter_celionatti@gmail.com"}
2024-10-14 18:39:45 - 
        SELECT attempts, last_attempt_at 
        FROM rate_limits 
        WHERE rate_key = :key
     - {"key":"rate_limiter_celionatti@gmail.com"}
2024-10-14 18:39:45 - 
            SELECT * 
            FROM users 
            WHERE email = :identifier
            LIMIT 1
         - {"identifier":"celionatti@gmail.com"}
2024-10-14 18:39:45 - 
            INSERT INTO rate_limits (rate_key, attempts, last_attempt_at)
            VALUES (:key, 1, NOW())
            ON DUPLICATE KEY UPDATE attempts = attempts + 1, last_attempt_at = NOW()
         - {"key":"rate_limiter_celionatti@gmail.com"}
2024-10-14 18:40:54 - 
            SELECT locked_at 
            FROM rate_limits 
            WHERE rate_key = :key
         - {"key":"rate_limiter_celionatti@gmail.com"}
2024-10-14 18:40:54 - 
            SELECT locked_at 
            FROM rate_limits 
            WHERE rate_key = :key
         - {"key":"rate_limiter_celionatti@gmail.com"}
2024-10-14 18:40:54 - 
        SELECT attempts, last_attempt_at 
        FROM rate_limits 
        WHERE rate_key = :key
     - {"key":"rate_limiter_celionatti@gmail.com"}
2024-10-14 18:40:54 - 
            SELECT * 
            FROM users 
            WHERE email = :identifier
            LIMIT 1
         - {"identifier":"celionatti@gmail.com"}
2024-10-14 18:40:54 - 
            INSERT INTO rate_limits (rate_key, attempts, last_attempt_at)
            VALUES (:key, 1, NOW())
            ON DUPLICATE KEY UPDATE attempts = attempts + 1, last_attempt_at = NOW()
         - {"key":"rate_limiter_celionatti@gmail.com"}
2024-10-14 18:41:35 - 
            SELECT locked_at 
            FROM rate_limits 
            WHERE rate_key = :key
         - {"key":"rate_limiter_celionatti@gmail.com"}
2024-10-14 18:41:35 - 
            SELECT locked_at 
            FROM rate_limits 
            WHERE rate_key = :key
         - {"key":"rate_limiter_celionatti@gmail.com"}
2024-10-14 18:41:35 - 
        SELECT attempts, last_attempt_at 
        FROM rate_limits 
        WHERE rate_key = :key
     - {"key":"rate_limiter_celionatti@gmail.com"}
2024-10-14 18:41:35 - 
            SELECT * 
            FROM users 
            WHERE email = :identifier
            LIMIT 1
         - {"identifier":"celionatti@gmail.com"}
2024-10-14 18:41:35 - 
            INSERT INTO rate_limits (rate_key, attempts, last_attempt_at)
            VALUES (:key, 1, NOW())
            ON DUPLICATE KEY UPDATE attempts = attempts + 1, last_attempt_at = NOW()
         - {"key":"rate_limiter_celionatti@gmail.com"}
2024-10-16 18:01:46 - 
            SELECT locked_at 
            FROM rate_limits 
            WHERE rate_key = :key
         - {"key":"rate_limiter_celionatti@gmail.com"}
2024-10-16 18:06:40 - 
            SELECT locked_at 
            FROM rate_limits 
            WHERE rate_key = :key
         - {"key":"rate_limiter_celionatti@gmail.com"}
2024-10-16 18:08:10 - 
            SELECT locked_at 
            FROM rate_limits 
            WHERE rate_key = :key
         - {"key":"rate_limiter_celionatti@gmail.com"}
2024-10-16 18:09:09 - 
            SELECT locked_at 
            FROM rate_limits 
            WHERE rate_key = :key
         - {"key":"rate_limiter_celionatti@gmail.com"}
2024-10-16 18:10:33 - 
            SELECT * 
            FROM rate_limits 
            WHERE rate_key = :key
         - {"key":"rate_limiter_celionatti@gmail.com"}
2024-10-16 18:11:20 - 
            SELECT locked_at 
            FROM rate_limits 
            WHERE rate_key = :key
         - {"key":"rate_limiter_celionatti@gmail.com"}
2024-10-16 18:12:24 - 
            SELECT locked_at 
            FROM rate_limits 
            WHERE rate_key = :key
         - {"key":"rate_limiter_celionatti@gmail.com"}
2024-10-16 18:13:02 - 
            SELECT locked_at 
            FROM rate_limits 
            WHERE rate_key = :key
         - {"key":"rate_limiter_celionatti@gmail.com"}
2024-10-16 18:13:44 - 
            SELECT locked_at 
            FROM rate_limits 
            WHERE rate_key = :key
         - {"key":"rate_limiter_celionatti@gmail.com"}
2024-10-16 18:14:26 - 
            SELECT locked_at 
            FROM rate_limits 
            WHERE rate_key = :key
         - {"key":"rate_limiter_celionatti@gmail.com"}
2024-10-16 18:20:08 - 
            SELECT locked_at 
            FROM rate_limits 
            WHERE rate_key = :key
         - {"key":"rate_limiter_celionatti@gmail.com"}
2024-10-16 18:21:59 - 
            SELECT locked_at 
            FROM rate_limits 
            WHERE rate_key = :key
         - {"key":"rate_limiter_celionatti@gmail.com"}
2024-10-16 18:21:59 - 
            SELECT locked_at 
            FROM rate_limits 
            WHERE rate_key = :key
         - {"key":"rate_limiter_celionatti@gmail.com"}
2024-10-16 18:21:59 - 
        SELECT attempts, last_attempt_at 
        FROM rate_limits 
        WHERE rate_key = :key
     - {"key":"rate_limiter_celionatti@gmail.com"}
2024-10-16 18:22:46 - 
            SELECT locked_at 
            FROM rate_limits 
            WHERE rate_key = :key
         - {"key":"rate_limiter_celionatti@gmail.com"}
2024-10-16 18:22:46 - 
            SELECT locked_at 
            FROM rate_limits 
            WHERE rate_key = :key
         - {"key":"rate_limiter_celionatti@gmail.com"}
2024-10-16 18:22:46 - 
        SELECT attempts, last_attempt_at 
        FROM rate_limits 
        WHERE rate_key = :key
     - {"key":"rate_limiter_celionatti@gmail.com"}
2024-10-16 18:23:25 - 
            SELECT locked_at 
            FROM rate_limits 
            WHERE rate_key = :key
         - {"key":"rate_limiter_celionatti@gmail.com"}
2024-10-16 18:23:25 - 
            SELECT locked_at 
            FROM rate_limits 
            WHERE rate_key = :key
         - {"key":"rate_limiter_celionatti@gmail.com"}
2024-10-16 18:23:25 - 
        SELECT attempts, last_attempt_at 
        FROM rate_limits 
        WHERE rate_key = :key
     - {"key":"rate_limiter_celionatti@gmail.com"}
2024-10-16 18:23:45 - 
            SELECT locked_at 
            FROM rate_limits 
            WHERE rate_key = :key
         - {"key":"rate_limiter_celionatti@gmail.com"}
2024-10-16 18:23:45 - 
            SELECT locked_at 
            FROM rate_limits 
            WHERE rate_key = :key
         - {"key":"rate_limiter_celionatti@gmail.com"}
2024-10-16 18:23:45 - 
        SELECT attempts, last_attempt_at 
        FROM rate_limits 
        WHERE rate_key = :key
     - {"key":"rate_limiter_celionatti@gmail.com"}
2024-10-16 18:27:25 - 
            SELECT locked_at 
            FROM rate_limits 
            WHERE rate_key = :key
         - {"key":"rate_limiter_celionatti@gmail.com"}
2024-10-16 18:27:25 - 
            SELECT locked_at 
            FROM rate_limits 
            WHERE rate_key = :key
         - {"key":"rate_limiter_celionatti@gmail.com"}
2024-10-16 18:27:25 - 
        SELECT attempts, last_attempt_at 
        FROM rate_limits 
        WHERE rate_key = :key
     - {"key":"rate_limiter_celionatti@gmail.com"}
2024-10-16 18:27:25 - DELETE FROM rate_limits WHERE rate_key = :key - {"key":"rate_limiter_celionatti@gmail.com"}
2024-10-16 18:27:26 - 
            SELECT * 
            FROM users 
            WHERE email = :identifier
            LIMIT 1
         - {"identifier":"celionatti@gmail.com"}
2024-10-16 18:27:27 - 
            INSERT INTO rate_limits (rate_key, attempts, last_attempt_at)
            VALUES (:key, 1, NOW())
            ON DUPLICATE KEY UPDATE attempts = attempts + 1, last_attempt_at = NOW()
         - {"key":"rate_limiter_celionatti@gmail.com"}
2024-10-16 18:28:01 - 
            SELECT locked_at 
            FROM rate_limits 
            WHERE rate_key = :key
         - {"key":"rate_limiter_celionatti@gmail.com"}
2024-10-16 18:28:01 - 
            SELECT locked_at 
            FROM rate_limits 
            WHERE rate_key = :key
         - {"key":"rate_limiter_celionatti@gmail.com"}
2024-10-16 18:28:01 - 
        SELECT attempts, last_attempt_at 
        FROM rate_limits 
        WHERE rate_key = :key
     - {"key":"rate_limiter_celionatti@gmail.com"}
2024-10-16 18:28:01 - 
            SELECT * 
            FROM users 
            WHERE email = :identifier
            LIMIT 1
         - {"identifier":"celionatti@gmail.com"}
2024-10-16 18:28:01 - 
            INSERT INTO rate_limits (rate_key, attempts, last_attempt_at)
            VALUES (:key, 1, NOW())
            ON DUPLICATE KEY UPDATE attempts = attempts + 1, last_attempt_at = NOW()
         - {"key":"rate_limiter_celionatti@gmail.com"}
2024-10-16 18:31:27 - 
            SELECT locked_at 
            FROM rate_limits 
            WHERE rate_key = :key
         - {"key":"rate_limiter_celionatti@gmail.com"}
2024-10-16 18:31:27 - 
            SELECT locked_at 
            FROM rate_limits 
            WHERE rate_key = :key
         - {"key":"rate_limiter_celionatti@gmail.com"}
2024-10-16 18:31:27 - 
        SELECT attempts, last_attempt_at 
        FROM rate_limits 
        WHERE rate_key = :key
     - {"key":"rate_limiter_celionatti@gmail.com"}
2024-10-16 18:31:27 - DELETE FROM rate_limits WHERE rate_key = :key - {"key":"rate_limiter_celionatti@gmail.com"}
2024-10-16 18:31:27 - 
            SELECT * 
            FROM users 
            WHERE email = :identifier
            LIMIT 1
         - {"identifier":"celionatti@gmail.com"}
2024-10-16 18:31:27 - 
            INSERT INTO rate_limits (rate_key, attempts, last_attempt_at)
            VALUES (:key, 1, NOW())
            ON DUPLICATE KEY UPDATE attempts = attempts + 1, last_attempt_at = NOW()
         - {"key":"rate_limiter_celionatti@gmail.com"}
2024-10-16 18:31:53 - 
            SELECT locked_at 
            FROM rate_limits 
            WHERE rate_key = :key
         - {"key":"rate_limiter_celionatti@gmail.com"}
2024-10-16 18:31:53 - 
            SELECT locked_at 
            FROM rate_limits 
            WHERE rate_key = :key
         - {"key":"rate_limiter_celionatti@gmail.com"}
2024-10-16 18:31:53 - 
        SELECT attempts, last_attempt_at 
        FROM rate_limits 
        WHERE rate_key = :key
     - {"key":"rate_limiter_celionatti@gmail.com"}
2024-10-16 18:31:53 - 
            SELECT * 
            FROM users 
            WHERE email = :identifier
            LIMIT 1
         - {"identifier":"celionatti@gmail.com"}
2024-10-16 18:31:53 - 
            INSERT INTO rate_limits (rate_key, attempts, last_attempt_at)
            VALUES (:key, 1, NOW())
            ON DUPLICATE KEY UPDATE attempts = attempts + 1, last_attempt_at = NOW()
         - {"key":"rate_limiter_celionatti@gmail.com"}
2024-10-16 18:32:10 - 
            SELECT locked_at 
            FROM rate_limits 
            WHERE rate_key = :key
         - {"key":"rate_limiter_celionatti@gmail.com"}
2024-10-16 18:32:10 - 
            SELECT locked_at 
            FROM rate_limits 
            WHERE rate_key = :key
         - {"key":"rate_limiter_celionatti@gmail.com"}
2024-10-16 18:32:10 - 
        SELECT attempts, last_attempt_at 
        FROM rate_limits 
        WHERE rate_key = :key
     - {"key":"rate_limiter_celionatti@gmail.com"}
2024-10-16 18:32:10 - 
            SELECT * 
            FROM users 
            WHERE email = :identifier
            LIMIT 1
         - {"identifier":"celionatti@gmail.com"}
2024-10-16 18:32:10 - 
            INSERT INTO rate_limits (rate_key, attempts, last_attempt_at)
            VALUES (:key, 1, NOW())
            ON DUPLICATE KEY UPDATE attempts = attempts + 1, last_attempt_at = NOW()
         - {"key":"rate_limiter_celionatti@gmail.com"}
2024-10-16 18:32:27 - 
            SELECT locked_at 
            FROM rate_limits 
            WHERE rate_key = :key
         - {"key":"rate_limiter_celionatti@gmail.com"}
2024-10-16 18:32:27 - 
            SELECT locked_at 
            FROM rate_limits 
            WHERE rate_key = :key
         - {"key":"rate_limiter_celionatti@gmail.com"}
2024-10-16 18:32:27 - 
        SELECT attempts, last_attempt_at 
        FROM rate_limits 
        WHERE rate_key = :key
     - {"key":"rate_limiter_celionatti@gmail.com"}
2024-10-16 18:32:27 - 
            SELECT * 
            FROM users 
            WHERE email = :identifier
            LIMIT 1
         - {"identifier":"celionatti@gmail.com"}
2024-10-16 18:32:27 - 
            INSERT INTO rate_limits (rate_key, attempts, last_attempt_at)
            VALUES (:key, 1, NOW())
            ON DUPLICATE KEY UPDATE attempts = attempts + 1, last_attempt_at = NOW()
         - {"key":"rate_limiter_celionatti@gmail.com"}
2024-10-16 18:32:42 - 
            SELECT locked_at 
            FROM rate_limits 
            WHERE rate_key = :key
         - {"key":"rate_limiter_celionatti@gmail.com"}
2024-10-16 18:32:42 - 
            SELECT locked_at 
            FROM rate_limits 
            WHERE rate_key = :key
         - {"key":"rate_limiter_celionatti@gmail.com"}
2024-10-16 18:32:42 - 
        SELECT attempts, last_attempt_at 
        FROM rate_limits 
        WHERE rate_key = :key
     - {"key":"rate_limiter_celionatti@gmail.com"}
2024-10-16 18:32:42 - 
            SELECT * 
            FROM users 
            WHERE email = :identifier
            LIMIT 1
         - {"identifier":"celionatti@gmail.com"}
2024-10-16 18:32:42 - 
            INSERT INTO rate_limits (rate_key, attempts, last_attempt_at)
            VALUES (:key, 1, NOW())
            ON DUPLICATE KEY UPDATE attempts = attempts + 1, last_attempt_at = NOW()
         - {"key":"rate_limiter_celionatti@gmail.com"}
2024-10-16 18:32:58 - 
            SELECT locked_at 
            FROM rate_limits 
            WHERE rate_key = :key
         - {"key":"rate_limiter_celionatti@gmail.com"}
2024-10-16 18:32:58 - 
            SELECT locked_at 
            FROM rate_limits 
            WHERE rate_key = :key
         - {"key":"rate_limiter_celionatti@gmail.com"}
2024-10-16 18:32:58 - 
        SELECT attempts, last_attempt_at 
        FROM rate_limits 
        WHERE rate_key = :key
     - {"key":"rate_limiter_celionatti@gmail.com"}
2024-10-16 18:32:58 - 
            INSERT INTO rate_limits (rate_key, attempts, last_attempt_at, locked_at)
            VALUES (:key, :attempts, NOW(), :lock_time)
            ON DUPLICATE KEY UPDATE locked_at = :lock_time
         - {"key":"rate_limiter_celionatti@gmail.com","attempts":5,"lock_time":"2024-10-16 18:32:58"}
2024-10-17 10:41:43 - 
            SELECT locked_at 
            FROM rate_limits 
            WHERE rate_key = :key
         - {"key":"rate_limiter_celionatti@gmail.com"}
2024-10-17 10:41:44 - 
            SELECT locked_at 
            FROM rate_limits 
            WHERE rate_key = :key
         - {"key":"rate_limiter_celionatti@gmail.com"}
2024-10-17 10:41:44 - 
        SELECT attempts, last_attempt_at 
        FROM rate_limits 
        WHERE rate_key = :key
     - {"key":"rate_limiter_celionatti@gmail.com"}
2024-10-17 10:41:44 - DELETE FROM rate_limits WHERE rate_key = :key - {"key":"rate_limiter_celionatti@gmail.com"}
2024-10-17 10:41:44 - 
            SELECT * 
            FROM users 
            WHERE email = :identifier
            LIMIT 1
         - {"identifier":"celionatti@gmail.com"}
2024-10-17 10:41:44 - 
            INSERT INTO rate_limits (rate_key, attempts, last_attempt_at)
            VALUES (:key, 1, NOW())
            ON DUPLICATE KEY UPDATE attempts = attempts + 1, last_attempt_at = NOW()
         - {"key":"rate_limiter_celionatti@gmail.com"}
2024-10-19 21:23:56 - 
            SELECT locked_at 
            FROM rate_limits 
            WHERE rate_key = :key
         - {"key":"rate_limiter_celionatti@gmail.com"}
2024-10-19 21:23:56 - 
            SELECT locked_at 
            FROM rate_limits 
            WHERE rate_key = :key
         - {"key":"rate_limiter_celionatti@gmail.com"}
2024-10-19 21:23:57 - 
        SELECT attempts, last_attempt_at 
        FROM rate_limits 
        WHERE rate_key = :key
     - {"key":"rate_limiter_celionatti@gmail.com"}
2024-10-19 21:23:57 - 
            SELECT * 
            FROM users 
            WHERE email = :identifier
            LIMIT 1
         - {"identifier":"celionatti@gmail.com"}
2024-10-19 21:23:57 - 
        INSERT INTO rate_limits (rate_key, attempts, last_attempt_at)
        VALUES (:key, 1, NOW())
        ON DUPLICATE KEY UPDATE attempts = attempts + 1, last_attempt_at = NOW()
     - {"key":"rate_limiter_celionatti@gmail.com"}
